[0.272s] DEBUG:colcon:Command line arguments: ['/usr/bin/colcon', 'build', '--symlink-install']
[0.272s] DEBUG:colcon:Parsed command line arguments: Namespace(log_base=None, log_level=None, verb_name='build', build_base='build', install_base='install', merge_install=False, symlink_install=True, test_result_base=None, continue_on_error=False, executor='parallel', parallel_workers=6, event_handlers=None, ignore_user_meta=False, metas=['./colcon.meta'], base_paths=['.'], packages_ignore=None, packages_ignore_regex=None, paths=None, packages_up_to=None, packages_up_to_regex=None, packages_above=None, packages_above_and_dependencies=None, packages_above_depth=None, packages_select_by_dep=None, packages_skip_by_dep=None, packages_skip_up_to=None, packages_select_build_failed=False, packages_skip_build_finished=False, packages_select_test_failures=False, packages_skip_test_passed=False, packages_select=None, packages_skip=None, packages_select_regex=None, packages_skip_regex=None, packages_start=None, packages_end=None, allow_overriding=[], cmake_args=None, cmake_target=None, cmake_target_skip_unavailable=False, cmake_clean_cache=False, cmake_clean_first=False, cmake_force_configure=False, ament_cmake_args=None, catkin_cmake_args=None, catkin_skip_building_tests=False, mixin_files=None, mixin=None, verb_parser=<colcon_mixin.mixin.mixin_argument.MixinArgumentDecorator object at 0xffffbc995ab0>, verb_extension=<colcon_core.verb.build.BuildVerb object at 0xffffbcaaaa70>, main=<bound method BuildVerb.main of <colcon_core.verb.build.BuildVerb object at 0xffffbcaaaa70>>, mixin_verb=('build',))
[0.689s] Level 1:colcon.colcon_core.package_discovery:discover_packages(colcon_meta) check parameters
[0.690s] Level 1:colcon.colcon_core.package_discovery:discover_packages(recursive) check parameters
[0.690s] Level 1:colcon.colcon_core.package_discovery:discover_packages(ignore) check parameters
[0.690s] Level 1:colcon.colcon_core.package_discovery:discover_packages(path) check parameters
[0.690s] Level 1:colcon.colcon_core.package_discovery:discover_packages(colcon_meta) discover
[0.690s] Level 1:colcon.colcon_core.package_discovery:discover_packages(recursive) discover
[0.691s] INFO:colcon.colcon_core.package_discovery:Crawling recursively for packages in '/home/cupcake/hydrogen_ws/src'
[0.691s] Level 1:colcon.colcon_core.package_identification:_identify(.) by extensions ['ignore', 'ignore_ament_install']
[0.691s] Level 1:colcon.colcon_core.package_identification:_identify(.) by extension 'ignore'
[0.691s] Level 1:colcon.colcon_core.package_identification:_identify(.) by extension 'ignore_ament_install'
[0.691s] Level 1:colcon.colcon_core.package_identification:_identify(.) by extensions ['colcon_pkg']
[0.692s] Level 1:colcon.colcon_core.package_identification:_identify(.) by extension 'colcon_pkg'
[0.692s] Level 1:colcon.colcon_core.package_identification:_identify(.) by extensions ['colcon_meta']
[0.692s] Level 1:colcon.colcon_core.package_identification:_identify(.) by extension 'colcon_meta'
[0.692s] Level 1:colcon.colcon_core.package_identification:_identify(.) by extensions ['ros']
[0.692s] Level 1:colcon.colcon_core.package_identification:_identify(.) by extension 'ros'
[0.718s] Level 1:colcon.colcon_core.package_identification:_identify(.) by extensions ['cmake', 'python']
[0.719s] Level 1:colcon.colcon_core.package_identification:_identify(.) by extension 'cmake'
[0.719s] Level 1:colcon.colcon_core.package_identification:_identify(.) by extension 'python'
[0.719s] Level 1:colcon.colcon_core.package_identification:_identify(.) by extensions ['python_setup_py']
[0.719s] Level 1:colcon.colcon_core.package_identification:_identify(.) by extension 'python_setup_py'
[0.719s] Level 1:colcon.colcon_core.package_identification:_identify(build) by extensions ['ignore', 'ignore_ament_install']
[0.720s] Level 1:colcon.colcon_core.package_identification:_identify(build) by extension 'ignore'
[0.720s] Level 1:colcon.colcon_core.package_identification:_identify(build) ignored
[0.720s] Level 1:colcon.colcon_core.package_identification:_identify(gz-sim) by extensions ['ignore', 'ignore_ament_install']
[0.720s] Level 1:colcon.colcon_core.package_identification:_identify(gz-sim) by extension 'ignore'
[0.721s] Level 1:colcon.colcon_core.package_identification:_identify(gz-sim) by extension 'ignore_ament_install'
[0.721s] Level 1:colcon.colcon_core.package_identification:_identify(gz-sim) by extensions ['colcon_pkg']
[0.721s] Level 1:colcon.colcon_core.package_identification:_identify(gz-sim) by extension 'colcon_pkg'
[0.721s] Level 1:colcon.colcon_core.package_identification:_identify(gz-sim) by extensions ['colcon_meta']
[0.721s] Level 1:colcon.colcon_core.package_identification:_identify(gz-sim) by extension 'colcon_meta'
[0.721s] Level 1:colcon.colcon_core.package_identification:_identify(gz-sim) by extensions ['ros']
[0.721s] Level 1:colcon.colcon_core.package_identification:_identify(gz-sim) by extension 'ros'
[0.735s] DEBUG:colcon.colcon_core.package_identification:Package 'gz-sim' with type 'ros.cmake' and name 'gz-sim'
[0.735s] Level 1:colcon.colcon_core.package_identification:_identify(hydrogen) by extensions ['ignore', 'ignore_ament_install']
[0.736s] Level 1:colcon.colcon_core.package_identification:_identify(hydrogen) by extension 'ignore'
[0.736s] Level 1:colcon.colcon_core.package_identification:_identify(hydrogen) by extension 'ignore_ament_install'
[0.736s] Level 1:colcon.colcon_core.package_identification:_identify(hydrogen) by extensions ['colcon_pkg']
[0.736s] Level 1:colcon.colcon_core.package_identification:_identify(hydrogen) by extension 'colcon_pkg'
[0.736s] Level 1:colcon.colcon_core.package_identification:_identify(hydrogen) by extensions ['colcon_meta']
[0.736s] Level 1:colcon.colcon_core.package_identification:_identify(hydrogen) by extension 'colcon_meta'
[0.736s] Level 1:colcon.colcon_core.package_identification:_identify(hydrogen) by extensions ['ros']
[0.736s] Level 1:colcon.colcon_core.package_identification:_identify(hydrogen) by extension 'ros'
[0.738s] DEBUG:colcon.colcon_core.package_identification:Package 'hydrogen' with type 'ros.ament_python' and name 'hydrogen'
[0.738s] Level 1:colcon.colcon_core.package_identification:_identify(install) by extensions ['ignore', 'ignore_ament_install']
[0.738s] Level 1:colcon.colcon_core.package_identification:_identify(install) by extension 'ignore'
[0.738s] Level 1:colcon.colcon_core.package_identification:_identify(install) ignored
[0.739s] Level 1:colcon.colcon_core.package_identification:_identify(log) by extensions ['ignore', 'ignore_ament_install']
[0.739s] Level 1:colcon.colcon_core.package_identification:_identify(log) by extension 'ignore'
[0.739s] Level 1:colcon.colcon_core.package_identification:_identify(log) ignored
[0.739s] Level 1:colcon.colcon_core.package_discovery:discover_packages(recursive) using defaults
[0.739s] Level 1:colcon.colcon_core.package_discovery:discover_packages(ignore) discover
[0.739s] Level 1:colcon.colcon_core.package_discovery:discover_packages(ignore) using defaults
[0.739s] Level 1:colcon.colcon_core.package_discovery:discover_packages(path) discover
[0.739s] Level 1:colcon.colcon_core.package_discovery:discover_packages(path) using defaults
[0.842s] Level 1:colcon.colcon_core.package_discovery:discover_packages(prefix_path) check parameters
[0.843s] Level 1:colcon.colcon_core.package_discovery:discover_packages(prefix_path) discover
[0.847s] DEBUG:colcon.colcon_installed_package_information.package_discovery:Found 3 installed packages in /home/cupcake/ros2_ws/install
[0.850s] DEBUG:colcon.colcon_installed_package_information.package_discovery:Found 300 installed packages in /opt/ros/humble
[0.854s] Level 1:colcon.colcon_core.package_discovery:discover_packages(prefix_path) using defaults
[0.947s] Level 5:colcon.colcon_core.verb:set package 'gz-sim' build argument 'cmake_args' from command line to 'None'
[0.947s] Level 5:colcon.colcon_core.verb:set package 'gz-sim' build argument 'cmake_target' from command line to 'None'
[0.948s] Level 5:colcon.colcon_core.verb:set package 'gz-sim' build argument 'cmake_target_skip_unavailable' from command line to 'False'
[0.948s] Level 5:colcon.colcon_core.verb:set package 'gz-sim' build argument 'cmake_clean_cache' from command line to 'False'
[0.948s] Level 5:colcon.colcon_core.verb:set package 'gz-sim' build argument 'cmake_clean_first' from command line to 'False'
[0.948s] Level 5:colcon.colcon_core.verb:set package 'gz-sim' build argument 'cmake_force_configure' from command line to 'False'
[0.948s] Level 5:colcon.colcon_core.verb:set package 'gz-sim' build argument 'ament_cmake_args' from command line to 'None'
[0.948s] Level 5:colcon.colcon_core.verb:set package 'gz-sim' build argument 'catkin_cmake_args' from command line to 'None'
[0.948s] Level 5:colcon.colcon_core.verb:set package 'gz-sim' build argument 'catkin_skip_building_tests' from command line to 'False'
[0.948s] DEBUG:colcon.colcon_core.verb:Building package 'gz-sim' with the following arguments: {'ament_cmake_args': None, 'build_base': '/home/cupcake/hydrogen_ws/src/build/gz-sim', 'catkin_cmake_args': None, 'catkin_skip_building_tests': False, 'cmake_args': None, 'cmake_clean_cache': False, 'cmake_clean_first': False, 'cmake_force_configure': False, 'cmake_target': None, 'cmake_target_skip_unavailable': False, 'install_base': '/home/cupcake/hydrogen_ws/src/install/gz-sim', 'merge_install': False, 'path': '/home/cupcake/hydrogen_ws/src/gz-sim', 'symlink_install': True, 'test_result_base': None}
[0.949s] Level 5:colcon.colcon_core.verb:set package 'hydrogen' build argument 'cmake_args' from command line to 'None'
[0.949s] Level 5:colcon.colcon_core.verb:set package 'hydrogen' build argument 'cmake_target' from command line to 'None'
[0.949s] Level 5:colcon.colcon_core.verb:set package 'hydrogen' build argument 'cmake_target_skip_unavailable' from command line to 'False'
[0.949s] Level 5:colcon.colcon_core.verb:set package 'hydrogen' build argument 'cmake_clean_cache' from command line to 'False'
[0.949s] Level 5:colcon.colcon_core.verb:set package 'hydrogen' build argument 'cmake_clean_first' from command line to 'False'
[0.949s] Level 5:colcon.colcon_core.verb:set package 'hydrogen' build argument 'cmake_force_configure' from command line to 'False'
[0.949s] Level 5:colcon.colcon_core.verb:set package 'hydrogen' build argument 'ament_cmake_args' from command line to 'None'
[0.949s] Level 5:colcon.colcon_core.verb:set package 'hydrogen' build argument 'catkin_cmake_args' from command line to 'None'
[0.949s] Level 5:colcon.colcon_core.verb:set package 'hydrogen' build argument 'catkin_skip_building_tests' from command line to 'False'
[0.949s] DEBUG:colcon.colcon_core.verb:Building package 'hydrogen' with the following arguments: {'ament_cmake_args': None, 'build_base': '/home/cupcake/hydrogen_ws/src/build/hydrogen', 'catkin_cmake_args': None, 'catkin_skip_building_tests': False, 'cmake_args': None, 'cmake_clean_cache': False, 'cmake_clean_first': False, 'cmake_force_configure': False, 'cmake_target': None, 'cmake_target_skip_unavailable': False, 'install_base': '/home/cupcake/hydrogen_ws/src/install/hydrogen', 'merge_install': False, 'path': '/home/cupcake/hydrogen_ws/src/hydrogen', 'symlink_install': True, 'test_result_base': None}
[0.950s] INFO:colcon.colcon_core.executor:Executing jobs using 'parallel' executor
[0.953s] DEBUG:colcon.colcon_parallel_executor.executor.parallel:run_until_complete
[0.954s] INFO:colcon.colcon_ros.task.cmake.build:Building ROS package in '/home/cupcake/hydrogen_ws/src/gz-sim' with build type 'cmake'
[0.954s] INFO:colcon.colcon_cmake.task.cmake.build:Building CMake package in '/home/cupcake/hydrogen_ws/src/gz-sim'
[0.959s] INFO:colcon.colcon_core.plugin_system:Skipping extension 'colcon_core.shell.bat': Not used on non-Windows systems
[0.959s] INFO:colcon.colcon_core.shell:Skip shell extension 'powershell' for command environment: Not usable outside of PowerShell
[0.959s] DEBUG:colcon.colcon_core.shell:Skip shell extension 'dsv' for command environment
[0.969s] INFO:colcon.colcon_ros.task.ament_python.build:Building ROS package in '/home/cupcake/hydrogen_ws/src/hydrogen' with build type 'ament_python'
[0.969s] Level 1:colcon.colcon_core.shell:create_environment_hook('hydrogen', 'ament_prefix_path')
[0.970s] INFO:colcon.colcon_core.shell:Creating environment hook '/home/cupcake/hydrogen_ws/src/install/hydrogen/share/hydrogen/hook/ament_prefix_path.ps1'
[0.973s] INFO:colcon.colcon_core.shell:Creating environment descriptor '/home/cupcake/hydrogen_ws/src/install/hydrogen/share/hydrogen/hook/ament_prefix_path.dsv'
[0.974s] INFO:colcon.colcon_core.shell:Creating environment hook '/home/cupcake/hydrogen_ws/src/install/hydrogen/share/hydrogen/hook/ament_prefix_path.sh'
[0.976s] INFO:colcon.colcon_core.shell:Skip shell extension 'powershell' for command environment: Not usable outside of PowerShell
[0.977s] DEBUG:colcon.colcon_core.shell:Skip shell extension 'dsv' for command environment
[0.992s] DEBUG:colcon.colcon_core.event_handler.log_command:Invoking command in '/home/cupcake/hydrogen_ws/src/build/gz-sim': CMAKE_PREFIX_PATH=${CMAKE_PREFIX_PATH}:/opt/ros/humble /usr/bin/cmake /home/cupcake/hydrogen_ws/src/gz-sim -DCMAKE_INSTALL_PREFIX=/home/cupcake/hydrogen_ws/src/install/gz-sim
[1.678s] INFO:colcon.colcon_core.task.python.build:Building Python package in '/home/cupcake/hydrogen_ws/src/hydrogen'
[1.679s] INFO:colcon.colcon_core.shell:Skip shell extension 'powershell' for command environment: Not usable outside of PowerShell
[1.679s] DEBUG:colcon.colcon_core.shell:Skip shell extension 'dsv' for command environment
[2.586s] DEBUG:colcon.colcon_core.event_handler.log_command:Invoked command in '/home/cupcake/hydrogen_ws/src/build/gz-sim' returned '1': CMAKE_PREFIX_PATH=${CMAKE_PREFIX_PATH}:/opt/ros/humble /usr/bin/cmake /home/cupcake/hydrogen_ws/src/gz-sim -DCMAKE_INSTALL_PREFIX=/home/cupcake/hydrogen_ws/src/install/gz-sim
[2.620s] Level 1:colcon.colcon_core.environment:create_environment_scripts_only(gz-sim)
[2.631s] Level 1:colcon.colcon_core.environment:checking '/home/cupcake/hydrogen_ws/src/install/gz-sim' for CMake module files
[2.632s] Level 1:colcon.colcon_core.environment:checking '/home/cupcake/hydrogen_ws/src/install/gz-sim' for CMake config files
[2.633s] Level 1:colcon.colcon_core.environment:checking '/home/cupcake/hydrogen_ws/src/install/gz-sim/bin'
[2.634s] Level 1:colcon.colcon_core.environment:checking '/home/cupcake/hydrogen_ws/src/install/gz-sim/lib/pkgconfig/gz-sim.pc'
[2.635s] Level 1:colcon.colcon_core.environment:checking '/home/cupcake/hydrogen_ws/src/install/gz-sim/lib/python3.10/site-packages'
[2.636s] Level 1:colcon.colcon_core.environment:checking '/home/cupcake/hydrogen_ws/src/install/gz-sim/bin'
[2.637s] INFO:colcon.colcon_core.shell:Creating package script '/home/cupcake/hydrogen_ws/src/install/gz-sim/share/gz-sim/package.ps1'
[2.640s] INFO:colcon.colcon_core.shell:Creating package descriptor '/home/cupcake/hydrogen_ws/src/install/gz-sim/share/gz-sim/package.dsv'
[2.642s] INFO:colcon.colcon_core.shell:Creating package script '/home/cupcake/hydrogen_ws/src/install/gz-sim/share/gz-sim/package.sh'
[2.644s] INFO:colcon.colcon_core.shell:Creating package script '/home/cupcake/hydrogen_ws/src/install/gz-sim/share/gz-sim/package.bash'
[2.648s] INFO:colcon.colcon_core.shell:Creating package script '/home/cupcake/hydrogen_ws/src/install/gz-sim/share/gz-sim/package.zsh'
[2.650s] Level 1:colcon.colcon_core.environment:create_file_with_runtime_dependencies(/home/cupcake/hydrogen_ws/src/install/gz-sim/share/colcon-core/packages/gz-sim)
[2.739s] DEBUG:colcon.colcon_parallel_executor.executor.parallel:closing loop
[2.739s] DEBUG:colcon.colcon_parallel_executor.executor.parallel:loop closed
[2.740s] DEBUG:colcon.colcon_parallel_executor.executor.parallel:run_until_complete finished with '1'
[2.740s] DEBUG:colcon.colcon_core.event_reactor:joining thread
[2.765s] INFO:colcon.colcon_core.plugin_system:Skipping extension 'colcon_notification.desktop_notification.terminal_notifier': Not used on non-Darwin systems
[2.765s] INFO:colcon.colcon_core.plugin_system:Skipping extension 'colcon_notification.desktop_notification.win32': Not used on non-Windows systems
[2.766s] INFO:colcon.colcon_notification.desktop_notification:Sending desktop notification using 'notify2'
[2.813s] DEBUG:colcon.colcon_core.event_reactor:joined thread
[2.815s] INFO:colcon.colcon_core.shell:Creating prefix script '/home/cupcake/hydrogen_ws/src/install/local_setup.ps1'
[2.819s] INFO:colcon.colcon_core.shell:Creating prefix util module '/home/cupcake/hydrogen_ws/src/install/_local_setup_util_ps1.py'
[2.825s] INFO:colcon.colcon_core.shell:Creating prefix chain script '/home/cupcake/hydrogen_ws/src/install/setup.ps1'
[2.831s] INFO:colcon.colcon_core.shell:Creating prefix script '/home/cupcake/hydrogen_ws/src/install/local_setup.sh'
[2.834s] INFO:colcon.colcon_core.shell:Creating prefix util module '/home/cupcake/hydrogen_ws/src/install/_local_setup_util_sh.py'
[2.836s] INFO:colcon.colcon_core.shell:Creating prefix chain script '/home/cupcake/hydrogen_ws/src/install/setup.sh'
[2.840s] INFO:colcon.colcon_core.shell:Creating prefix script '/home/cupcake/hydrogen_ws/src/install/local_setup.bash'
[2.842s] INFO:colcon.colcon_core.shell:Creating prefix chain script '/home/cupcake/hydrogen_ws/src/install/setup.bash'
[2.846s] INFO:colcon.colcon_core.shell:Creating prefix script '/home/cupcake/hydrogen_ws/src/install/local_setup.zsh'
[2.848s] INFO:colcon.colcon_core.shell:Creating prefix chain script '/home/cupcake/hydrogen_ws/src/install/setup.zsh'
