[0.038s] Invoking command in '/home/cupcake/hydrogen_ws/src/build/gz-sim': CMAKE_PREFIX_PATH=${CMAKE_PREFIX_PATH}:/opt/ros/humble /usr/bin/cmake /home/cupcake/hydrogen_ws/src/gz-sim -DCMAKE_INSTALL_PREFIX=/home/cupcake/hydrogen_ws/src/install/gz-sim
[0.698s] -- The C compiler identification is GNU 11.4.0
[1.116s] -- The CXX compiler identification is GNU 11.4.0
[1.149s] -- Detecting C compiler ABI info
[1.340s] -- Detecting C compiler ABI info - done
[1.354s] -- Check for working C compiler: /usr/bin/cc - skipped
[1.357s] -- Detecting C compile features
[1.358s] -- Detecting C compile features - done
[1.367s] -- Detecting CXX compiler ABI info
[1.564s] -- Detecting CXX compiler ABI info - done
[1.578s] -- Check for working CXX compiler: /usr/bin/c++ - skipped
[1.578s] -- Detecting CXX compile features
[1.579s] -- Detecting CXX compile features - done
[1.617s] [31mCMake Error at CMakeLists.txt:13 (find_package):
[1.617s]   By not providing "Findgz-cmake.cmake" in CMAKE_MODULE_PATH this project has
[1.618s]   asked CMake to find a package configuration file provided by "gz-cmake",
[1.618s]   but CMake did not find one.
[1.618s] 
[1.618s]   Could not find a package configuration file provided by "gz-cmake" with any
[1.618s]   of the following names:
[1.618s] 
[1.618s]     gz-cmakeConfig.cmake
[1.619s]     gz-cmake-config.cmake
[1.619s] 
[1.619s]   Add the installation prefix of "gz-cmake" to CMAKE_PREFIX_PATH or set
[1.619s]   "gz-cmake_DIR" to a directory containing one of the above files.  If
[1.619s]   "gz-cmake" provides a separate development package or SDK, be sure it has
[1.619s]   been installed.
[1.619s] 
[1.619s] [0m
[1.620s] -- Configuring incomplete, errors occurred!
[1.620s] See also "/home/cupcake/hydrogen_ws/src/build/gz-sim/CMakeFiles/CMakeOutput.log".
[1.631s] Invoked command in '/home/cupcake/hydrogen_ws/src/build/gz-sim' returned '1': CMAKE_PREFIX_PATH=${CMAKE_PREFIX_PATH}:/opt/ros/humble /usr/bin/cmake /home/cupcake/hydrogen_ws/src/gz-sim -DCMAKE_INSTALL_PREFIX=/home/cupcake/hydrogen_ws/src/install/gz-sim
